[2026-06-25T07:27:09.059Z] GET /uploads/centers/logo-1781843507473-115792996.webp - XATOLIK:
  Message: Cannot GET /uploads/centers/logo-1781843507473-115792996.webp
[2026-06-25T07:27:39.050Z] GET /ai/dashboard - XATOLIK:
  Message: AI xizmatiga ulanishda xatolik: unknown
  Stack: HttpException: AI xizmatiga ulanishda xatolik: unknown
    at AiService.getDashboard (C:\Users\Administrator\Desktop\ilmify\dist\src\modules\ai\ai.service.js:60:19)
    at process.processTicksAndRejections (node:internal/process/task_queues:103:5)
[2026-06-25T07:28:09.043Z] GET /ai/dashboard - XATOLIK:
  Message: AI xizmatiga ulanishda xatolik: unknown
  Stack: HttpException: AI xizmatiga ulanishda xatolik: unknown
    at AiService.getDashboard (C:\Users\Administrator\Desktop\ilmify\dist\src\modules\ai\ai.service.js:60:19)
    at process.processTicksAndRejections (node:internal/process/task_queues:103:5)
[2026-06-25T07:28:11.657Z] GET /uploads/centers/logo-1781843507473-115792996.webp - XATOLIK:
  Message: Cannot GET /uploads/centers/logo-1781843507473-115792996.webp
[2026-06-25T07:28:12.467Z] GET /uploads/centers/logo-1781843507473-115792996.webp - XATOLIK:
  Message: Cannot GET /uploads/centers/logo-1781843507473-115792996.webp
[2026-06-25T07:28:13.559Z] GET /uploads/centers/logo-1781843507473-115792996.webp - XATOLIK:
  Message: Cannot GET /uploads/centers/logo-1781843507473-115792996.webp
[2026-06-25T07:28:15.220Z] GET /uploads/centers/logo-1781843507473-115792996.webp - XATOLIK:
  Message: Cannot GET /uploads/centers/logo-1781843507473-115792996.webp
[2026-06-25T07:28:39.047Z] GET /ai/dashboard - XATOLIK:
  Message: AI xizmatiga ulanishda xatolik: unknown
  Stack: HttpException: AI xizmatiga ulanishda xatolik: unknown
    at AiService.getDashboard (C:\Users\Administrator\Desktop\ilmify\dist\src\modules\ai\ai.service.js:60:19)
    at process.processTicksAndRejections (node:internal/process/task_queues:103:5)
[2026-06-25T07:29:09.044Z] GET /ai/dashboard - XATOLIK:
  Message: AI xizmatiga ulanishda xatolik: unknown
  Stack: HttpException: AI xizmatiga ulanishda xatolik: unknown
    at AiService.getDashboard (C:\Users\Administrator\Desktop\ilmify\dist\src\modules\ai\ai.service.js:60:19)
    at process.processTicksAndRejections (node:internal/process/task_queues:103:5)
[2026-06-25T07:31:09.051Z] GET /ai/dashboard - XATOLIK:
  Message: AI xizmatiga ulanishda xatolik: unknown
  Stack: HttpException: AI xizmatiga ulanishda xatolik: unknown
    at AiService.getDashboard (C:\Users\Administrator\Desktop\ilmify\dist\src\modules\ai\ai.service.js:60:19)
    at process.processTicksAndRejections (node:internal/process/task_queues:103:5)
[2026-06-25T07:31:33.691Z] GET /uploads/centers/logo-1781843507473-115792996.webp - XATOLIK:
  Message: Cannot GET /uploads/centers/logo-1781843507473-115792996.webp
[2026-06-25T07:31:39.053Z] GET /ai/dashboard - XATOLIK:
  Message: AI xizmatiga ulanishda xatolik: unknown
  Stack: HttpException: AI xizmatiga ulanishda xatolik: unknown
    at AiService.getDashboard (C:\Users\Administrator\Desktop\ilmify\dist\src\modules\ai\ai.service.js:60:19)
    at process.processTicksAndRejections (node:internal/process/task_queues:103:5)
[2026-06-25T07:31:44.041Z] GET /uploads/centers/logo-1781843507473-115792996.webp - XATOLIK:
  Message: Cannot GET /uploads/centers/logo-1781843507473-115792996.webp
[2026-06-25T07:31:45.548Z] GET /uploads/centers/logo-1781843507473-115792996.webp - XATOLIK:
  Message: Cannot GET /uploads/centers/logo-1781843507473-115792996.webp
[2026-06-25T07:32:09.047Z] GET /ai/dashboard - XATOLIK:
  Message: AI xizmatiga ulanishda xatolik: unknown
  Stack: HttpException: AI xizmatiga ulanishda xatolik: unknown
    at AiService.getDashboard (C:\Users\Administrator\Desktop\ilmify\dist\src\modules\ai\ai.service.js:60:19)
    at process.processTicksAndRejections (node:internal/process/task_queues:103:5)
[2026-06-25T07:32:26.522Z] GET /uploads/centers/logo-1781843507473-115792996.webp - XATOLIK:
  Message: Cannot GET /uploads/centers/logo-1781843507473-115792996.webp
[2026-06-25T07:32:39.054Z] GET /ai/dashboard - XATOLIK:
  Message: AI xizmatiga ulanishda xatolik: unknown
  Stack: HttpException: AI xizmatiga ulanishda xatolik: unknown
    at AiService.getDashboard (C:\Users\Administrator\Desktop\ilmify\dist\src\modules\ai\ai.service.js:60:19)
    at process.processTicksAndRejections (node:internal/process/task_queues:103:5)
[2026-06-25T07:33:09.058Z] GET /ai/dashboard - XATOLIK:
  Message: AI xizmatiga ulanishda xatolik: unknown
  Stack: HttpException: AI xizmatiga ulanishda xatolik: unknown
    at AiService.getDashboard (C:\Users\Administrator\Desktop\ilmify\dist\src\modules\ai\ai.service.js:60:19)
    at process.processTicksAndRejections (node:internal/process/task_queues:103:5)
[2026-06-25T07:33:39.046Z] GET /ai/dashboard - XATOLIK:
  Message: AI xizmatiga ulanishda xatolik: unknown
  Stack: HttpException: AI xizmatiga ulanishda xatolik: unknown
    at AiService.getDashboard (C:\Users\Administrator\Desktop\ilmify\dist\src\modules\ai\ai.service.js:60:19)
    at process.processTicksAndRejections (node:internal/process/task_queues:103:5)
[2026-06-25T07:34:09.046Z] GET /ai/dashboard - XATOLIK:
  Message: AI xizmatiga ulanishda xatolik: unknown
  Stack: HttpException: AI xizmatiga ulanishda xatolik: unknown
    at AiService.getDashboard (C:\Users\Administrator\Desktop\ilmify\dist\src\modules\ai\ai.service.js:60:19)
    at process.processTicksAndRejections (node:internal/process/task_queues:103:5)
[2026-06-25T07:34:20.114Z] GET /uploads/centers/logo-1781843507473-115792996.webp - XATOLIK:
  Message: Cannot GET /uploads/centers/logo-1781843507473-115792996.webp
[2026-06-25T07:34:39.055Z] GET /ai/dashboard - XATOLIK:
  Message: AI xizmatiga ulanishda xatolik: unknown
  Stack: HttpException: AI xizmatiga ulanishda xatolik: unknown
    at AiService.getDashboard (C:\Users\Administrator\Desktop\ilmify\dist\src\modules\ai\ai.service.js:60:19)
    at process.processTicksAndRejections (node:internal/process/task_queues:103:5)
[2026-06-25T07:34:45.678Z] GET /uploads/centers/logo-1781843507473-115792996.webp - XATOLIK:
  Message: Cannot GET /uploads/centers/logo-1781843507473-115792996.webp
[2026-06-25T07:34:46.598Z] GET /uploads/centers/logo-1781843507473-115792996.webp - XATOLIK:
  Message: Cannot GET /uploads/centers/logo-1781843507473-115792996.webp
[2026-06-25T07:34:47.104Z] GET /uploads/centers/logo-1781843507473-115792996.webp - XATOLIK:
  Message: Cannot GET /uploads/centers/logo-1781843507473-115792996.webp
[2026-06-25T07:34:47.635Z] GET /uploads/centers/logo-1781843507473-115792996.webp - XATOLIK:
  Message: Cannot GET /uploads/centers/logo-1781843507473-115792996.webp
[2026-06-25T07:34:48.375Z] GET /uploads/centers/logo-1781843507473-115792996.webp - XATOLIK:
  Message: Cannot GET /uploads/centers/logo-1781843507473-115792996.webp
[2026-06-25T07:34:52.507Z] GET /uploads/centers/logo-1781843507473-115792996.webp - XATOLIK:
  Message: Cannot GET /uploads/centers/logo-1781843507473-115792996.webp
[2026-06-25T07:35:03.748Z] GET /uploads/centers/logo-1781843507473-115792996.webp - XATOLIK:
  Message: Cannot GET /uploads/centers/logo-1781843507473-115792996.webp
[2026-06-25T07:35:05.261Z] GET /uploads/centers/logo-1781843507473-115792996.webp - XATOLIK:
  Message: Cannot GET /uploads/centers/logo-1781843507473-115792996.webp
[2026-06-25T07:35:09.050Z] GET /ai/dashboard - XATOLIK:
  Message: AI xizmatiga ulanishda xatolik: unknown
  Stack: HttpException: AI xizmatiga ulanishda xatolik: unknown
    at AiService.getDashboard (C:\Users\Administrator\Desktop\ilmify\dist\src\modules\ai\ai.service.js:60:19)
    at process.processTicksAndRejections (node:internal/process/task_queues:103:5)
[2026-06-25T07:35:33.078Z] GET /uploads/centers/logo-1781843507473-115792996.webp - XATOLIK:
  Message: Cannot GET /uploads/centers/logo-1781843507473-115792996.webp
[2026-06-25T07:35:39.054Z] GET /ai/dashboard - XATOLIK:
  Message: AI xizmatiga ulanishda xatolik: unknown
  Stack: HttpException: AI xizmatiga ulanishda xatolik: unknown
    at AiService.getDashboard (C:\Users\Administrator\Desktop\ilmify\dist\src\modules\ai\ai.service.js:60:19)
    at process.processTicksAndRejections (node:internal/process/task_queues:103:5)
[2026-06-25T07:36:09.045Z] GET /ai/dashboard - XATOLIK:
  Message: AI xizmatiga ulanishda xatolik: unknown
  Stack: HttpException: AI xizmatiga ulanishda xatolik: unknown
    at AiService.getDashboard (C:\Users\Administrator\Desktop\ilmify\dist\src\modules\ai\ai.service.js:60:19)
    at process.processTicksAndRejections (node:internal/process/task_queues:103:5)
[2026-06-25T07:36:39.046Z] GET /ai/dashboard - XATOLIK:
  Message: AI xizmatiga ulanishda xatolik: unknown
  Stack: HttpException: AI xizmatiga ulanishda xatolik: unknown
    at AiService.getDashboard (C:\Users\Administrator\Desktop\ilmify\dist\src\modules\ai\ai.service.js:60:19)
    at process.processTicksAndRejections (node:internal/process/task_queues:103:5)
[2026-06-25T07:38:06.262Z] GET /uploads/centers/logo-1781843507473-115792996.webp - XATOLIK:
  Message: Cannot GET /uploads/centers/logo-1781843507473-115792996.webp
[2026-06-25T07:38:09.045Z] GET /ai/dashboard - XATOLIK:
  Message: AI xizmatiga ulanishda xatolik: unknown
  Stack: HttpException: AI xizmatiga ulanishda xatolik: unknown
    at AiService.getDashboard (C:\Users\Administrator\Desktop\ilmify\dist\src\modules\ai\ai.service.js:60:19)
    at process.processTicksAndRejections (node:internal/process/task_queues:103:5)
[2026-06-25T07:38:31.875Z] GET /uploads/centers/logo-1781843507473-115792996.webp - XATOLIK:
  Message: Cannot GET /uploads/centers/logo-1781843507473-115792996.webp
[2026-06-25T07:38:33.504Z] GET /uploads/centers/logo-1781843507473-115792996.webp - XATOLIK:
  Message: Cannot GET /uploads/centers/logo-1781843507473-115792996.webp
[2026-06-25T07:39:03.505Z] GET /ai/dashboard - XATOLIK:
  Message: AI xizmatiga ulanishda xatolik: unknown
  Stack: HttpException: AI xizmatiga ulanishda xatolik: unknown
    at AiService.getDashboard (C:\Users\Administrator\Desktop\ilmify\dist\src\modules\ai\ai.service.js:60:19)
    at process.processTicksAndRejections (node:internal/process/task_queues:103:5)
[2026-06-25T07:39:06.006Z] GET /uploads/centers/logo-1781843507473-115792996.webp - XATOLIK:
  Message: Cannot GET /uploads/centers/logo-1781843507473-115792996.webp
[2026-06-25T07:39:08.052Z] GET /uploads/centers/logo-1781843507473-115792996.webp - XATOLIK:
  Message: Cannot GET /uploads/centers/logo-1781843507473-115792996.webp
[2026-06-25T07:39:33.502Z] GET /ai/dashboard - XATOLIK:
  Message: AI xizmatiga ulanishda xatolik: unknown
  Stack: HttpException: AI xizmatiga ulanishda xatolik: unknown
    at AiService.getDashboard (C:\Users\Administrator\Desktop\ilmify\dist\src\modules\ai\ai.service.js:60:19)
    at process.processTicksAndRejections (node:internal/process/task_queues:103:5)
[2026-06-25T07:40:03.506Z] GET /ai/dashboard - XATOLIK:
  Message: AI xizmatiga ulanishda xatolik: unknown
  Stack: HttpException: AI xizmatiga ulanishda xatolik: unknown
    at AiService.getDashboard (C:\Users\Administrator\Desktop\ilmify\dist\src\modules\ai\ai.service.js:60:19)
    at process.processTicksAndRejections (node:internal/process/task_queues:103:5)
[2026-06-25T07:40:33.506Z] GET /ai/dashboard - XATOLIK:
  Message: AI xizmatiga ulanishda xatolik: unknown
  Stack: HttpException: AI xizmatiga ulanishda xatolik: unknown
    at AiService.getDashboard (C:\Users\Administrator\Desktop\ilmify\dist\src\modules\ai\ai.service.js:60:19)
    at process.processTicksAndRejections (node:internal/process/task_queues:103:5)
[2026-06-25T07:41:03.504Z] GET /ai/dashboard - XATOLIK:
  Message: AI xizmatiga ulanishda xatolik: unknown
  Stack: HttpException: AI xizmatiga ulanishda xatolik: unknown
    at AiService.getDashboard (C:\Users\Administrator\Desktop\ilmify\dist\src\modules\ai\ai.service.js:60:19)
    at process.processTicksAndRejections (node:internal/process/task_queues:103:5)
[2026-06-25T07:41:16.304Z] GET /uploads/centers/logo-1781843507473-115792996.webp - XATOLIK:
  Message: Cannot GET /uploads/centers/logo-1781843507473-115792996.webp
[2026-06-25T07:41:17.417Z] GET /uploads/centers/logo-1781843507473-115792996.webp - XATOLIK:
  Message: Cannot GET /uploads/centers/logo-1781843507473-115792996.webp
[2026-06-25T07:41:33.497Z] GET /ai/dashboard - XATOLIK:
  Message: AI xizmatiga ulanishda xatolik: unknown
  Stack: HttpException: AI xizmatiga ulanishda xatolik: unknown
    at AiService.getDashboard (C:\Users\Administrator\Desktop\ilmify\dist\src\modules\ai\ai.service.js:60:19)
    at process.processTicksAndRejections (node:internal/process/task_queues:103:5)
[2026-06-25T07:41:48.865Z] GET /uploads/centers/logo-1781843507473-115792996.webp - XATOLIK:
  Message: Cannot GET /uploads/centers/logo-1781843507473-115792996.webp
[2026-06-25T07:41:49.211Z] GET /uploads/centers/logo-1781843507473-115792996.webp - XATOLIK:
  Message: Cannot GET /uploads/centers/logo-1781843507473-115792996.webp
[2026-06-25T07:41:50.628Z] GET /uploads/centers/logo-1781843507473-115792996.webp - XATOLIK:
  Message: Cannot GET /uploads/centers/logo-1781843507473-115792996.webp
[2026-06-25T07:42:49.092Z] GET /uploads/centers/logo-1781843507473-115792996.webp - XATOLIK:
  Message: Cannot GET /uploads/centers/logo-1781843507473-115792996.webp
[2026-06-25T07:43:33.501Z] GET /ai/dashboard - XATOLIK:
  Message: AI xizmatiga ulanishda xatolik: unknown
  Stack: HttpException: AI xizmatiga ulanishda xatolik: unknown
    at AiService.getDashboard (C:\Users\Administrator\Desktop\ilmify\dist\src\modules\ai\ai.service.js:60:19)
    at process.processTicksAndRejections (node:internal/process/task_queues:103:5)
[2026-06-25T07:44:03.496Z] GET /ai/dashboard - XATOLIK:
  Message: AI xizmatiga ulanishda xatolik: unknown
  Stack: HttpException: AI xizmatiga ulanishda xatolik: unknown
    at AiService.getDashboard (C:\Users\Administrator\Desktop\ilmify\dist\src\modules\ai\ai.service.js:60:19)
    at process.processTicksAndRejections (node:internal/process/task_queues:103:5)
[2026-06-25T07:45:03.499Z] GET /ai/dashboard - XATOLIK:
  Message: AI xizmatiga ulanishda xatolik: unknown
  Stack: HttpException: AI xizmatiga ulanishda xatolik: unknown
    at AiService.getDashboard (C:\Users\Administrator\Desktop\ilmify\dist\src\modules\ai\ai.service.js:60:19)
    at process.processTicksAndRejections (node:internal/process/task_queues:103:5)
[2026-06-25T07:45:17.002Z] GET /uploads/centers/logo-1781843507473-115792996.webp - XATOLIK:
  Message: Cannot GET /uploads/centers/logo-1781843507473-115792996.webp
[2026-06-25T07:45:20.190Z] GET /uploads/centers/logo-1781843507473-115792996.webp - XATOLIK:
  Message: Cannot GET /uploads/centers/logo-1781843507473-115792996.webp
[2026-06-25T07:45:21.587Z] GET /uploads/centers/logo-1781843507473-115792996.webp - XATOLIK:
  Message: Cannot GET /uploads/centers/logo-1781843507473-115792996.webp
[2026-06-25T07:45:24.531Z] GET /uploads/centers/logo-1781843507473-115792996.webp - XATOLIK:
  Message: Cannot GET /uploads/centers/logo-1781843507473-115792996.webp
[2026-06-25T07:45:25.662Z] GET /uploads/centers/logo-1781843507473-115792996.webp - XATOLIK:
  Message: Cannot GET /uploads/centers/logo-1781843507473-115792996.webp
[2026-06-25T07:45:33.498Z] GET /ai/dashboard - XATOLIK:
  Message: AI xizmatiga ulanishda xatolik: unknown
  Stack: HttpException: AI xizmatiga ulanishda xatolik: unknown
    at AiService.getDashboard (C:\Users\Administrator\Desktop\ilmify\dist\src\modules\ai\ai.service.js:60:19)
    at process.processTicksAndRejections (node:internal/process/task_queues:103:5)
[2026-06-25T07:46:03.505Z] GET /ai/dashboard - XATOLIK:
  Message: AI xizmatiga ulanishda xatolik: unknown
  Stack: HttpException: AI xizmatiga ulanishda xatolik: unknown
    at AiService.getDashboard (C:\Users\Administrator\Desktop\ilmify\dist\src\modules\ai\ai.service.js:60:19)
    at process.processTicksAndRejections (node:internal/process/task_queues:103:5)
[2026-06-25T07:46:15.890Z] GET /uploads/centers/logo-1781843507473-115792996.webp - XATOLIK:
  Message: Cannot GET /uploads/centers/logo-1781843507473-115792996.webp
[2026-06-25T07:46:20.792Z] GET /uploads/centers/logo-1781843507473-115792996.webp - XATOLIK:
  Message: Cannot GET /uploads/centers/logo-1781843507473-115792996.webp
[2026-06-25T07:46:30.452Z] GET /uploads/centers/logo-1781843507473-115792996.webp - XATOLIK:
  Message: Cannot GET /uploads/centers/logo-1781843507473-115792996.webp
[2026-06-25T07:46:33.496Z] GET /ai/dashboard - XATOLIK:
  Message: AI xizmatiga ulanishda xatolik: unknown
  Stack: HttpException: AI xizmatiga ulanishda xatolik: unknown
    at AiService.getDashboard (C:\Users\Administrator\Desktop\ilmify\dist\src\modules\ai\ai.service.js:60:19)
    at process.processTicksAndRejections (node:internal/process/task_queues:103:5)
[2026-06-25T07:46:57.792Z] PATCH /groups/21 - XATOLIK:
  Message: kp must be a number conforming to the specified constraints
[2026-06-25T07:47:01.249Z] PATCH /groups/21 - XATOLIK:
  Message: kp must be a number conforming to the specified constraints
[2026-06-25T07:47:03.498Z] GET /ai/dashboard - XATOLIK:
  Message: AI xizmatiga ulanishda xatolik: unknown
  Stack: HttpException: AI xizmatiga ulanishda xatolik: unknown
    at AiService.getDashboard (C:\Users\Administrator\Desktop\ilmify\dist\src\modules\ai\ai.service.js:60:19)
    at process.processTicksAndRejections (node:internal/process/task_queues:103:5)
[2026-06-25T07:47:33.499Z] GET /ai/dashboard - XATOLIK:
  Message: AI xizmatiga ulanishda xatolik: unknown
  Stack: HttpException: AI xizmatiga ulanishda xatolik: unknown
    at AiService.getDashboard (C:\Users\Administrator\Desktop\ilmify\dist\src\modules\ai\ai.service.js:60:19)
    at process.processTicksAndRejections (node:internal/process/task_queues:103:5)
[2026-06-25T07:49:03.572Z] GET /uploads/centers/logo-1781843507473-115792996.webp - XATOLIK:
  Message: Cannot GET /uploads/centers/logo-1781843507473-115792996.webp
[2026-06-25T07:50:29.531Z] GET /ai/dashboard - XATOLIK:
  Message: AI xizmatiga ulanishda xatolik: unknown
  Stack: HttpException: AI xizmatiga ulanishda xatolik: unknown
    at AiService.getDashboard (C:\Users\Administrator\Desktop\ilmify\dist\src\modules\ai\ai.service.js:60:19)
    at process.processTicksAndRejections (node:internal/process/task_queues:103:5)
[2026-06-25T07:50:30.859Z] GET /uploads/centers/logo-1781843507473-115792996.webp - XATOLIK:
  Message: Cannot GET /uploads/centers/logo-1781843507473-115792996.webp
[2026-06-25T07:50:32.789Z] GET /uploads/centers/logo-1781843507473-115792996.webp - XATOLIK:
  Message: Cannot GET /uploads/centers/logo-1781843507473-115792996.webp
[2026-06-25T07:50:33.494Z] GET /ai/dashboard - XATOLIK:
  Message: AI xizmatiga ulanishda xatolik: unknown
  Stack: HttpException: AI xizmatiga ulanishda xatolik: unknown
    at AiService.getDashboard (C:\Users\Administrator\Desktop\ilmify\dist\src\modules\ai\ai.service.js:60:19)
    at process.processTicksAndRejections (node:internal/process/task_queues:103:5)
[2026-06-25T07:50:47.898Z] GET /uploads/centers/logo-1781843507473-115792996.webp - XATOLIK:
  Message: Cannot GET /uploads/centers/logo-1781843507473-115792996.webp
[2026-06-25T07:50:49.373Z] GET /uploads/centers/logo-1781843507473-115792996.webp - XATOLIK:
  Message: Cannot GET /uploads/centers/logo-1781843507473-115792996.webp
[2026-06-25T07:51:03.175Z] GET /uploads/centers/logo-1781843507473-115792996.webp - XATOLIK:
  Message: Cannot GET /uploads/centers/logo-1781843507473-115792996.webp
[2026-06-25T07:51:03.499Z] GET /ai/dashboard - XATOLIK:
  Message: AI xizmatiga ulanishda xatolik: unknown
  Stack: HttpException: AI xizmatiga ulanishda xatolik: unknown
    at AiService.getDashboard (C:\Users\Administrator\Desktop\ilmify\dist\src\modules\ai\ai.service.js:60:19)
    at process.processTicksAndRejections (node:internal/process/task_queues:103:5)
[2026-06-25T07:51:04.549Z] GET /uploads/centers/logo-1781843507473-115792996.webp - XATOLIK:
  Message: Cannot GET /uploads/centers/logo-1781843507473-115792996.webp
[2026-06-25T07:51:09.242Z] GET /uploads/centers/logo-1781843507473-115792996.webp - XATOLIK:
  Message: Cannot GET /uploads/centers/logo-1781843507473-115792996.webp
[2026-06-25T07:51:10.402Z] GET /uploads/centers/logo-1781843507473-115792996.webp - XATOLIK:
  Message: Cannot GET /uploads/centers/logo-1781843507473-115792996.webp
[2026-06-25T07:51:14.651Z] GET /uploads/centers/logo-1781843507473-115792996.webp - XATOLIK:
  Message: Cannot GET /uploads/centers/logo-1781843507473-115792996.webp
[2026-06-25T07:51:16.224Z] GET /uploads/centers/logo-1781843507473-115792996.webp - XATOLIK:
  Message: Cannot GET /uploads/centers/logo-1781843507473-115792996.webp
[2026-06-25T07:51:33.496Z] GET /ai/dashboard - XATOLIK:
  Message: AI xizmatiga ulanishda xatolik: unknown
  Stack: HttpException: AI xizmatiga ulanishda xatolik: unknown
    at AiService.getDashboard (C:\Users\Administrator\Desktop\ilmify\dist\src\modules\ai\ai.service.js:60:19)
    at process.processTicksAndRejections (node:internal/process/task_queues:103:5)
[2026-06-25T07:52:03.495Z] GET /ai/dashboard - XATOLIK:
  Message: AI xizmatiga ulanishda xatolik: unknown
  Stack: HttpException: AI xizmatiga ulanishda xatolik: unknown
    at AiService.getDashboard (C:\Users\Administrator\Desktop\ilmify\dist\src\modules\ai\ai.service.js:60:19)
    at process.processTicksAndRejections (node:internal/process/task_queues:103:5)
[2026-06-25T07:52:33.509Z] GET /ai/dashboard - XATOLIK:
  Message: AI xizmatiga ulanishda xatolik: unknown
  Stack: HttpException: AI xizmatiga ulanishda xatolik: unknown
    at AiService.getDashboard (C:\Users\Administrator\Desktop\ilmify\dist\src\modules\ai\ai.service.js:60:19)
    at process.processTicksAndRejections (node:internal/process/task_queues:103:5)
[2026-06-25T07:52:55.561Z] GET /uploads/centers/logo-1781843507473-115792996.webp - XATOLIK:
  Message: Cannot GET /uploads/centers/logo-1781843507473-115792996.webp
[2026-06-25T07:52:56.179Z] GET /uploads/centers/logo-1781843507473-115792996.webp - XATOLIK:
  Message: Cannot GET /uploads/centers/logo-1781843507473-115792996.webp
[2026-06-25T07:52:56.645Z] GET /uploads/centers/logo-1781843507473-115792996.webp - XATOLIK:
  Message: Cannot GET /uploads/centers/logo-1781843507473-115792996.webp
[2026-06-25T07:52:57.394Z] GET /uploads/centers/logo-1781843507473-115792996.webp - XATOLIK:
  Message: Cannot GET /uploads/centers/logo-1781843507473-115792996.webp
[2026-06-25T07:53:03.500Z] GET /ai/dashboard - XATOLIK:
  Message: AI xizmatiga ulanishda xatolik: unknown
  Stack: HttpException: AI xizmatiga ulanishda xatolik: unknown
    at AiService.getDashboard (C:\Users\Administrator\Desktop\ilmify\dist\src\modules\ai\ai.service.js:60:19)
    at process.processTicksAndRejections (node:internal/process/task_queues:103:5)
[2026-06-25T07:53:33.507Z] GET /ai/dashboard - XATOLIK:
  Message: AI xizmatiga ulanishda xatolik: unknown
  Stack: HttpException: AI xizmatiga ulanishda xatolik: unknown
    at AiService.getDashboard (C:\Users\Administrator\Desktop\ilmify\dist\src\modules\ai\ai.service.js:60:19)
    at process.processTicksAndRejections (node:internal/process/task_queues:103:5)
[2026-06-25T07:55:26.019Z] GET /ai/dashboard - XATOLIK:
  Message: AI xizmatiga ulanishda xatolik: unknown
  Stack: HttpException: AI xizmatiga ulanishda xatolik: unknown
    at AiService.getDashboard (C:\Users\Administrator\Desktop\ilmify\dist\src\modules\ai\ai.service.js:60:19)
    at process.processTicksAndRejections (node:internal/process/task_queues:103:5)
[2026-06-25T07:55:29.806Z] GET /uploads/centers/logo-1781843507473-115792996.webp - XATOLIK:
  Message: Cannot GET /uploads/centers/logo-1781843507473-115792996.webp
[2026-06-25T08:00:22.381Z] GET /ai/dashboard - XATOLIK:
  Message: AI xizmatiga ulanishda xatolik: unknown
  Stack: HttpException: AI xizmatiga ulanishda xatolik: unknown
    at AiService.getDashboard (C:\Users\Administrator\Desktop\ilmify\dist\src\modules\ai\ai.service.js:60:19)
    at process.processTicksAndRejections (node:internal/process/task_queues:103:5)
[2026-06-25T08:00:28.327Z] GET /uploads/centers/logo-1781843507473-115792996.webp - XATOLIK:
  Message: Cannot GET /uploads/centers/logo-1781843507473-115792996.webp
[2026-06-25T08:00:58.331Z] GET /ai/dashboard - XATOLIK:
  Message: AI xizmatiga ulanishda xatolik: unknown
  Stack: HttpException: AI xizmatiga ulanishda xatolik: unknown
    at AiService.getDashboard (C:\Users\Administrator\Desktop\ilmify\dist\src\modules\ai\ai.service.js:60:19)
    at process.processTicksAndRejections (node:internal/process/task_queues:103:5)
[2026-06-25T08:01:17.561Z] GET /uploads/centers/logo-1781843507473-115792996.webp - XATOLIK:
  Message: Cannot GET /uploads/centers/logo-1781843507473-115792996.webp
[2026-06-25T08:01:18.954Z] GET /uploads/centers/logo-1781843507473-115792996.webp - XATOLIK:
  Message: Cannot GET /uploads/centers/logo-1781843507473-115792996.webp
[2026-06-25T08:01:20.591Z] GET /uploads/centers/logo-1781843507473-115792996.webp - XATOLIK:
  Message: Cannot GET /uploads/centers/logo-1781843507473-115792996.webp
[2026-06-25T08:01:21.344Z] GET /uploads/centers/logo-1781843507473-115792996.webp - XATOLIK:
  Message: Cannot GET /uploads/centers/logo-1781843507473-115792996.webp
[2026-06-25T08:01:23.360Z] GET /uploads/centers/logo-1781843507473-115792996.webp - XATOLIK:
  Message: Cannot GET /uploads/centers/logo-1781843507473-115792996.webp
[2026-06-25T08:01:28.322Z] GET /ai/dashboard - XATOLIK:
  Message: AI xizmatiga ulanishda xatolik: unknown
  Stack: HttpException: AI xizmatiga ulanishda xatolik: unknown
    at AiService.getDashboard (C:\Users\Administrator\Desktop\ilmify\dist\src\modules\ai\ai.service.js:60:19)
    at process.processTicksAndRejections (node:internal/process/task_queues:103:5)
[2026-06-25T08:01:39.628Z] GET /uploads/centers/logo-1781843507473-115792996.webp - XATOLIK:
  Message: Cannot GET /uploads/centers/logo-1781843507473-115792996.webp
[2026-06-25T08:01:46.981Z] GET /uploads/centers/logo-1781843507473-115792996.webp - XATOLIK:
  Message: Cannot GET /uploads/centers/logo-1781843507473-115792996.webp
[2026-06-25T08:01:47.736Z] GET /uploads/centers/logo-1781843507473-115792996.webp - XATOLIK:
  Message: Cannot GET /uploads/centers/logo-1781843507473-115792996.webp
[2026-06-25T08:01:48.335Z] GET /uploads/centers/logo-1781843507473-115792996.webp - XATOLIK:
  Message: Cannot GET /uploads/centers/logo-1781843507473-115792996.webp
[2026-06-25T08:01:50.518Z] GET /uploads/centers/logo-1781843507473-115792996.webp - XATOLIK:
  Message: Cannot GET /uploads/centers/logo-1781843507473-115792996.webp
[2026-06-25T08:01:51.163Z] GET /uploads/centers/logo-1781843507473-115792996.webp - XATOLIK:
  Message: Cannot GET /uploads/centers/logo-1781843507473-115792996.webp
[2026-06-25T08:01:51.748Z] GET /uploads/centers/logo-1781843507473-115792996.webp - XATOLIK:
  Message: Cannot GET /uploads/centers/logo-1781843507473-115792996.webp
[2026-06-25T08:01:52.582Z] GET /uploads/centers/logo-1781843507473-115792996.webp - XATOLIK:
  Message: Cannot GET /uploads/centers/logo-1781843507473-115792996.webp
[2026-06-25T08:01:53.407Z] GET /uploads/centers/logo-1781843507473-115792996.webp - XATOLIK:
  Message: Cannot GET /uploads/centers/logo-1781843507473-115792996.webp
[2026-06-25T08:01:58.328Z] GET /ai/dashboard - XATOLIK:
  Message: AI xizmatiga ulanishda xatolik: unknown
  Stack: HttpException: AI xizmatiga ulanishda xatolik: unknown
    at AiService.getDashboard (C:\Users\Administrator\Desktop\ilmify\dist\src\modules\ai\ai.service.js:60:19)
    at process.processTicksAndRejections (node:internal/process/task_queues:103:5)
[2026-06-25T08:01:58.345Z] GET /uploads/centers/logo-1781843507473-115792996.webp - XATOLIK:
  Message: Cannot GET /uploads/centers/logo-1781843507473-115792996.webp
[2026-06-25T08:01:59.322Z] GET /uploads/centers/logo-1781843507473-115792996.webp - XATOLIK:
  Message: Cannot GET /uploads/centers/logo-1781843507473-115792996.webp
[2026-06-25T08:02:04.576Z] GET /uploads/centers/logo-1781843507473-115792996.webp - XATOLIK:
  Message: Cannot GET /uploads/centers/logo-1781843507473-115792996.webp
[2026-06-25T08:02:04.896Z] GET /uploads/centers/logo-1781843507473-115792996.webp - XATOLIK:
  Message: Cannot GET /uploads/centers/logo-1781843507473-115792996.webp
[2026-06-25T08:02:06.050Z] GET /uploads/centers/logo-1781843507473-115792996.webp - XATOLIK:
  Message: Cannot GET /uploads/centers/logo-1781843507473-115792996.webp
[2026-06-25T08:02:28.323Z] GET /ai/dashboard - XATOLIK:
  Message: AI xizmatiga ulanishda xatolik: unknown
  Stack: HttpException: AI xizmatiga ulanishda xatolik: unknown
    at AiService.getDashboard (C:\Users\Administrator\Desktop\ilmify\dist\src\modules\ai\ai.service.js:60:19)
    at process.processTicksAndRejections (node:internal/process/task_queues:103:5)
[2026-06-25T08:02:51.730Z] GET /uploads/centers/logo-1781843507473-115792996.webp - XATOLIK:
  Message: Cannot GET /uploads/centers/logo-1781843507473-115792996.webp
[2026-06-25T08:02:54.127Z] GET /uploads/centers/logo-1781843507473-115792996.webp - XATOLIK:
  Message: Cannot GET /uploads/centers/logo-1781843507473-115792996.webp
[2026-06-25T08:02:58.329Z] GET /ai/dashboard - XATOLIK:
  Message: AI xizmatiga ulanishda xatolik: unknown
  Stack: HttpException: AI xizmatiga ulanishda xatolik: unknown
    at AiService.getDashboard (C:\Users\Administrator\Desktop\ilmify\dist\src\modules\ai\ai.service.js:60:19)
    at process.processTicksAndRejections (node:internal/process/task_queues:103:5)
