[31m[Nest] 19648  - [39m11.06.2026, 14:44:37 [31m  ERROR[39m [38;5;3m[NestApplication] [39m[31mError: listen EADDRINUSE: address already in use :::4000[39m[38;5;3m +1ms[39m
node:net:1940
    const ex = new UVExceptionWithHostPort(err, 'listen', address, port);
               ^

Error: listen EADDRINUSE: address already in use :::4000
    at Server.setupListenHandle [as _listen2] (node:net:1940:16)
    at listenInCluster (node:net:1997:12)
    at Server.listen (node:net:2102:7)
    at ExpressAdapter.listen (C:\Users\Administrator\Desktop\ilmify\node_modules\@nestjs\platform-express\adapters\express-adapter.js:95:32)
    at C:\Users\Administrator\Desktop\ilmify\node_modules\@nestjs\core\nest-application.js:183:30
    at new Promise (<anonymous>)
    at NestApplication.listen (C:\Users\Administrator\Desktop\ilmify\node_modules\@nestjs\core\nest-application.js:173:16)
    at process.processTicksAndRejections (node:internal/process/task_queues:103:5)
    at async bootstrap (C:\Users\Administrator\Desktop\ilmify\dist\src\main.js:109:5) {
  code: 'EADDRINUSE',
  errno: -4091,
  syscall: 'listen',
  address: '::',
  port: 4000
}

Node.js v25.2.1
